Tietokanta 'kalevalakino' luotiin onnistuneesti (tai se on jo olemassa)!
Users-taulukko luotiin onnistuneesti!
user_sessions-taulukko luotiin onnistuneesti!
2025-05-30 12:50:52 - Tietokanta 'kalevalakino' luotiin onnistuneesti (tai se on jo olemassa)!
2025-05-30 12:50:52 - Users-taulukko luotiin onnistuneesti!
2025-05-30 12:50:52 - user_sessions-taulukko luotiin onnistuneesti!
2025-05-30 12:51:19 - Tietokanta 'kalevalakino' luotiin onnistuneesti (tai se on jo olemassa)!
2025-05-30 12:51:19 - Users-taulukko luotiin onnistuneesti!
2025-05-30 12:51:19 - user_sessions-taulukko luotiin onnistuneesti!
2025-05-30 12:51:19 - Tietokanta 'kalevalakino' luotiin onnistuneesti (tai se on jo olemassa)!
2025-05-30 12:51:19 - Users-taulukko luotiin onnistuneesti!
2025-05-30 12:51:19 - user_sessions-taulukko luotiin onnistuneesti!
2025-05-30 13:01:15 - Tietokanta 'kalevalakino' luotiin onnistuneesti (tai se on jo olemassa)!
2025-05-30 13:01:15 - Users-taulukko luotiin onnistuneesti!
2025-05-30 13:01:15 - user_sessions-taulukko luotiin onnistuneesti!
2025-05-30 13:01:17 - Tietokanta 'kalevalakino' luotiin onnistuneesti (tai se on jo olemassa)!
2025-05-30 13:01:17 - Users-taulukko luotiin onnistuneesti!
2025-05-30 13:01:17 - user_sessions-taulukko luotiin onnistuneesti!
2025-05-30 13:01:19 - Tietokanta 'kalevalakino' luotiin onnistuneesti (tai se on jo olemassa)!
2025-05-30 13:01:19 - Users-taulukko luotiin onnistuneesti!
2025-05-30 13:01:19 - user_sessions-taulukko luotiin onnistuneesti!
2025-05-30 13:01:19 - Tietokanta 'kalevalakino' luotiin onnistuneesti (tai se on jo olemassa)!
2025-05-30 13:01:19 - Users-taulukko luotiin onnistuneesti!
2025-05-30 13:01:19 - user_sessions-taulukko luotiin onnistuneesti!
2025-05-30 13:02:34 - Tietokanta 'kalevalakino' luotiin onnistuneesti (tai se on jo olemassa)!
2025-05-30 13:02:34 - Users-taulukko luotiin onnistuneesti!
2025-05-30 13:02:34 - user_sessions-taulukko luotiin onnistuneesti!
2025-05-30 13:02:53 - Tietokanta 'kalevalakino' luotiin onnistuneesti (tai se on jo olemassa)!
2025-05-30 13:02:53 - Users-taulukko luotiin onnistuneesti!
2025-05-30 13:02:53 - user_sessions-taulukko luotiin onnistuneesti!
2025-05-30 13:02:53 - Tietokanta 'kalevalakino' luotiin onnistuneesti (tai se on jo olemassa)!
2025-05-30 13:02:53 - Users-taulukko luotiin onnistuneesti!
2025-05-30 13:02:53 - user_sessions-taulukko luotiin onnistuneesti!
2025-05-30 13:03:41 - Tietokanta 'kalevalakino' luotiin onnistuneesti (tai se on jo olemassa)!
2025-05-30 13:03:41 - Users-taulukko luotiin onnistuneesti!
2025-05-30 13:03:41 - user_sessions-taulukko luotiin onnistuneesti!
2025-05-30 13:03:41 - Tietokanta 'kalevalakino' luotiin onnistuneesti (tai se on jo olemassa)!
2025-05-30 13:03:41 - Users-taulukko luotiin onnistuneesti!
2025-05-30 13:03:41 - user_sessions-taulukko luotiin onnistuneesti!
2025-05-30 13:04:09 - Tietokanta 'kalevalakino' luotiin onnistuneesti (tai se on jo olemassa)!
2025-05-30 13:04:09 - Users-taulukko luotiin onnistuneesti!
2025-05-30 13:04:09 - user_sessions-taulukko luotiin onnistuneesti!
2025-05-30 13:04:09 - Tietokanta 'kalevalakino' luotiin onnistuneesti (tai se on jo olemassa)!
2025-05-30 13:04:09 - Users-taulukko luotiin onnistuneesti!
2025-05-30 13:04:09 - user_sessions-taulukko luotiin onnistuneesti!
2025-05-30 13:04:15 - Tietokanta 'kalevalakino' luotiin onnistuneesti (tai se on jo olemassa)!
2025-05-30 13:04:15 - Users-taulukko luotiin onnistuneesti!
2025-05-30 13:04:15 - user_sessions-taulukko luotiin onnistuneesti!
2025-05-30 13:04:15 - Tietokanta 'kalevalakino' luotiin onnistuneesti (tai se on jo olemassa)!
2025-05-30 13:04:15 - Users-taulukko luotiin onnistuneesti!
2025-05-30 13:04:15 - user_sessions-taulukko luotiin onnistuneesti!
2025-05-30 13:04:31 - Tietokanta 'kalevalakino' luotiin onnistuneesti (tai se on jo olemassa)!
2025-05-30 13:04:31 - Users-taulukko luotiin onnistuneesti!
2025-05-30 13:04:31 - user_sessions-taulukko luotiin onnistuneesti!
2025-05-30 13:04:31 - Tietokanta 'kalevalakino' luotiin onnistuneesti (tai se on jo olemassa)!
2025-05-30 13:04:31 - Users-taulukko luotiin onnistuneesti!
2025-05-30 13:04:31 - user_sessions-taulukko luotiin onnistuneesti!
2025-05-30 13:04:36 - Tietokanta 'kalevalakino' luotiin onnistuneesti (tai se on jo olemassa)!
2025-05-30 13:04:36 - Users-taulukko luotiin onnistuneesti!
2025-05-30 13:04:36 - user_sessions-taulukko luotiin onnistuneesti!
2025-05-30 13:04:44 - Tietokanta 'kalevalakino' luotiin onnistuneesti (tai se on jo olemassa)!
2025-05-30 13:04:44 - Users-taulukko luotiin onnistuneesti!
2025-05-30 13:04:44 - user_sessions-taulukko luotiin onnistuneesti!
2025-05-30 13:06:53 - Tietokanta 'kalevalakino' luotiin onnistuneesti (tai se on jo olemassa)!
2025-05-30 13:06:53 - Users-taulukko luotiin onnistuneesti!
2025-05-30 13:06:53 - user_sessions-taulukko luotiin onnistuneesti!
2025-05-30 13:17:06 - Tietokanta 'kalevalakino' luotiin onnistuneesti (tai se on jo olemassa)!
2025-05-30 13:17:06 - Users-taulukko luotiin onnistuneesti!
2025-05-30 13:17:06 - user_sessions-taulukko luotiin onnistuneesti!
2025-05-30 13:17:50 - Tietokanta 'kalevalakino' luotiin onnistuneesti (tai se on jo olemassa)!
2025-05-30 13:17:50 - Users-taulukko luotiin onnistuneesti!
2025-05-30 13:17:50 - user_sessions-taulukko luotiin onnistuneesti!
2025-05-30 13:17:50 - Tietokanta 'kalevalakino' luotiin onnistuneesti (tai se on jo olemassa)!
2025-05-30 13:17:50 - Users-taulukko luotiin onnistuneesti!
2025-05-30 13:17:50 - user_sessions-taulukko luotiin onnistuneesti!
2025-05-30 13:19:59 - Tietokanta 'kalevalakino' luotiin onnistuneesti (tai se on jo olemassa)!
2025-05-30 13:19:59 - Users-taulukko luotiin onnistuneesti!
2025-05-30 13:19:59 - user_sessions-taulukko luotiin onnistuneesti!
2025-05-30 13:20:12 - Tietokanta 'kalevalakino' luotiin onnistuneesti (tai se on jo olemassa)!
2025-05-30 13:20:12 - Users-taulukko luotiin onnistuneesti!
2025-05-30 13:20:12 - user_sessions-taulukko luotiin onnistuneesti!
2025-05-30 13:22:15 - Tietokanta 'kalevalakino' luotiin onnistuneesti (tai se on jo olemassa)!
2025-05-30 13:22:15 - Users-taulukko luotiin onnistuneesti!
2025-05-30 13:22:15 - user_sessions-taulukko luotiin onnistuneesti!
2025-05-30 13:25:23 - Tietokanta 'kalevalakino' luotiin onnistuneesti (tai se on jo olemassa)!
2025-05-30 13:25:23 - Users-taulukko luotiin onnistuneesti!
2025-05-30 13:25:23 - user_sessions-taulukko luotiin onnistuneesti!
2025-05-30 13:29:13 - Tietokanta 'kalevalakino' luotiin onnistuneesti (tai se on jo olemassa)!
2025-05-30 13:29:13 - Users-taulukko luotiin onnistuneesti!
2025-05-30 13:29:13 - user_sessions-taulukko luotiin onnistuneesti!
2025-05-30 13:29:20 - Tietokanta 'kalevalakino' luotiin onnistuneesti (tai se on jo olemassa)!
2025-05-30 13:29:20 - Users-taulukko luotiin onnistuneesti!
2025-05-30 13:29:20 - user_sessions-taulukko luotiin onnistuneesti!
2025-05-30 13:29:31 - Tietokanta 'kalevalakino' luotiin onnistuneesti (tai se on jo olemassa)!
2025-05-30 13:29:31 - Users-taulukko luotiin onnistuneesti!
2025-05-30 13:29:31 - user_sessions-taulukko luotiin onnistuneesti!
2025-05-30 13:29:31 - Tietokanta 'kalevalakino' luotiin onnistuneesti (tai se on jo olemassa)!
2025-05-30 13:29:31 - Users-taulukko luotiin onnistuneesti!
2025-05-30 13:29:31 - user_sessions-taulukko luotiin onnistuneesti!
2025-05-30 13:34:54 - Tietokanta 'kalevalakino' luotiin onnistuneesti (tai se on jo olemassa)!
2025-05-30 13:34:54 - Users-taulukko luotiin onnistuneesti!
2025-05-30 13:34:54 - user_sessions-taulukko luotiin onnistuneesti!
2025-05-30 13:41:36 - Tietokanta 'kalevalakino' luotiin onnistuneesti (tai se on jo olemassa)!
2025-05-30 13:41:36 - Users-taulukko luotiin onnistuneesti!
2025-05-30 13:41:36 - user_sessions-taulukko luotiin onnistuneesti!
2025-05-30 13:43:35 - Tietokanta 'kalevalakino' luotiin onnistuneesti (tai se on jo olemassa)!
2025-05-30 13:43:35 - Users-taulukko luotiin onnistuneesti!
2025-05-30 13:43:35 - user_sessions-taulukko luotiin onnistuneesti!
2025-05-30 13:45:36 - Tietokanta 'kalevalakino' luotiin onnistuneesti (tai se on jo olemassa)!
2025-05-30 13:45:36 - Users-taulukko luotiin onnistuneesti!
2025-05-30 13:45:36 - user_sessions-taulukko luotiin onnistuneesti!
2025-05-30 13:45:36 - Tietokanta 'kalevalakino' luotiin onnistuneesti (tai se on jo olemassa)!
2025-05-30 13:45:36 - Users-taulukko luotiin onnistuneesti!
2025-05-30 13:45:36 - user_sessions-taulukko luotiin onnistuneesti!
2025-05-30 13:56:08 - Tietokanta 'kalevalakino' luotiin onnistuneesti (tai se on jo olemassa)!
2025-05-30 13:56:08 - Users-taulukko luotiin onnistuneesti!
2025-05-30 13:56:08 - user_sessions-taulukko luotiin onnistuneesti!
2025-05-30 13:56:08 - Tietokanta 'kalevalakino' luotiin onnistuneesti (tai se on jo olemassa)!
2025-05-30 13:56:08 - Users-taulukko luotiin onnistuneesti!
2025-05-30 13:56:08 - user_sessions-taulukko luotiin onnistuneesti!
2025-05-30 13:56:32 - Tietokanta 'kalevalakino' luotiin onnistuneesti (tai se on jo olemassa)!
2025-05-30 13:56:32 - Users-taulukko luotiin onnistuneesti!
2025-05-30 13:56:32 - user_sessions-taulukko luotiin onnistuneesti!
2025-05-30 13:58:55 - Tietokanta 'kalevalakino' luotiin onnistuneesti (tai se on jo olemassa)!
2025-05-30 13:58:55 - Users-taulukko luotiin onnistuneesti!
2025-05-30 13:58:55 - user_sessions-taulukko luotiin onnistuneesti!
2025-05-30 13:58:58 - Tietokanta 'kalevalakino' luotiin onnistuneesti (tai se on jo olemassa)!
2025-05-30 13:58:58 - Users-taulukko luotiin onnistuneesti!
2025-05-30 13:58:58 - user_sessions-taulukko luotiin onnistuneesti!
2025-05-30 13:59:12 - Tietokanta 'kalevalakino' luotiin onnistuneesti (tai se on jo olemassa)!
2025-05-30 13:59:12 - Users-taulukko luotiin onnistuneesti!
2025-05-30 13:59:12 - user_sessions-taulukko luotiin onnistuneesti!
2025-05-30 14:04:51 - Tietokanta 'kalevalakino' luotiin onnistuneesti (tai se on jo olemassa)!
2025-05-30 14:04:51 - Users-taulukko luotiin onnistuneesti!
2025-05-30 14:04:51 - user_sessions-taulukko luotiin onnistuneesti!
2025-05-30 14:04:51 - Tietokanta 'kalevalakino' luotiin onnistuneesti (tai se on jo olemassa)!
2025-05-30 14:04:51 - Users-taulukko luotiin onnistuneesti!
2025-05-30 14:04:51 - user_sessions-taulukko luotiin onnistuneesti!
2025-05-30 14:04:55 - Tietokanta 'kalevalakino' luotiin onnistuneesti (tai se on jo olemassa)!
2025-05-30 14:04:55 - Users-taulukko luotiin onnistuneesti!
2025-05-30 14:04:55 - user_sessions-taulukko luotiin onnistuneesti!
2025-05-30 14:04:58 - Tietokanta 'kalevalakino' luotiin onnistuneesti (tai se on jo olemassa)!
2025-05-30 14:04:58 - Users-taulukko luotiin onnistuneesti!
2025-05-30 14:04:58 - user_sessions-taulukko luotiin onnistuneesti!
2025-05-30 14:09:15 - Tietokanta 'kalevalakino' luotiin onnistuneesti (tai se on jo olemassa)!
2025-05-30 14:09:15 - Users-taulukko luotiin onnistuneesti!
2025-05-30 14:09:15 - user_sessions-taulukko luotiin onnistuneesti!
2025-05-30 14:17:49 - Tietokanta 'kalevalakino' luotiin onnistuneesti (tai se on jo olemassa)!
2025-05-30 14:17:49 - Users-taulukko luotiin onnistuneesti!
2025-05-30 14:17:49 - user_sessions-taulukko luotiin onnistuneesti!
2025-05-30 14:17:49 - Tietokanta 'kalevalakino' luotiin onnistuneesti (tai se on jo olemassa)!
2025-05-30 14:17:49 - Users-taulukko luotiin onnistuneesti!
2025-05-30 14:17:49 - user_sessions-taulukko luotiin onnistuneesti!
2025-05-30 14:18:07 - Tietokanta 'kalevalakino' luotiin onnistuneesti (tai se on jo olemassa)!
2025-05-30 14:18:07 - Users-taulukko luotiin onnistuneesti!
2025-05-30 14:18:07 - user_sessions-taulukko luotiin onnistuneesti!
2025-05-30 14:20:25 - Tietokanta 'kalevalakino' luotiin onnistuneesti (tai se on jo olemassa)!
2025-05-30 14:20:25 - Users-taulukko luotiin onnistuneesti!
2025-05-30 14:20:25 - user_sessions-taulukko luotiin onnistuneesti!
2025-05-30 14:22:04 - Tietokanta 'kalevalakino' luotiin onnistuneesti (tai se on jo olemassa)!
2025-05-30 14:22:04 - Users-taulukko luotiin onnistuneesti!
2025-05-30 14:22:04 - user_sessions-taulukko luotiin onnistuneesti!
2025-05-30 14:23:42 - Tietokanta 'kalevalakino' luotiin onnistuneesti (tai se on jo olemassa)!
2025-05-30 14:23:42 - Users-taulukko luotiin onnistuneesti!
2025-05-30 14:23:42 - user_sessions-taulukko luotiin onnistuneesti!
2025-05-30 14:24:48 - Tietokanta 'kalevalakino' luotiin onnistuneesti (tai se on jo olemassa)!
2025-05-30 14:24:48 - Users-taulukko luotiin onnistuneesti!
2025-05-30 14:24:48 - user_sessions-taulukko luotiin onnistuneesti!
2025-05-30 14:25:43 - Tietokanta 'kalevalakino' luotiin onnistuneesti (tai se on jo olemassa)!
2025-05-30 14:25:43 - Users-taulukko luotiin onnistuneesti!
2025-05-30 14:25:43 - user_sessions-taulukko luotiin onnistuneesti!
2025-05-30 14:25:57 - Tietokanta 'kalevalakino' luotiin onnistuneesti (tai se on jo olemassa)!
2025-05-30 14:25:57 - Users-taulukko luotiin onnistuneesti!
2025-05-30 14:25:57 - user_sessions-taulukko luotiin onnistuneesti!
2025-05-30 14:26:19 - Tietokanta 'kalevalakino' luotiin onnistuneesti (tai se on jo olemassa)!
2025-05-30 14:26:19 - Users-taulukko luotiin onnistuneesti!
2025-05-30 14:26:19 - user_sessions-taulukko luotiin onnistuneesti!
2025-05-30 14:27:20 - Tietokanta 'kalevalakino' luotiin onnistuneesti (tai se on jo olemassa)!
2025-05-30 14:27:20 - Users-taulukko luotiin onnistuneesti!
2025-05-30 14:27:20 - user_sessions-taulukko luotiin onnistuneesti!
2025-05-30 14:27:26 - Tietokanta 'kalevalakino' luotiin onnistuneesti (tai se on jo olemassa)!
2025-05-30 14:27:26 - Users-taulukko luotiin onnistuneesti!
2025-05-30 14:27:26 - user_sessions-taulukko luotiin onnistuneesti!
2025-05-30 14:31:42 - Tietokanta 'kalevalakino' luotiin onnistuneesti (tai se on jo olemassa)!
2025-05-30 14:31:42 - Users-taulukko luotiin onnistuneesti!
2025-05-30 14:31:42 - user_sessions-taulukko luotiin onnistuneesti!
2025-05-30 14:31:42 - Tietokanta 'kalevalakino' luotiin onnistuneesti (tai se on jo olemassa)!
2025-05-30 14:31:42 - Users-taulukko luotiin onnistuneesti!
2025-05-30 14:31:42 - user_sessions-taulukko luotiin onnistuneesti!
2025-05-30 14:32:39 - Tietokanta 'kalevalakino' luotiin onnistuneesti (tai se on jo olemassa)!
2025-05-30 14:32:39 - Users-taulukko luotiin onnistuneesti!
2025-05-30 14:32:39 - user_sessions-taulukko luotiin onnistuneesti!
2025-05-30 14:32:53 - Tietokanta 'kalevalakino' luotiin onnistuneesti (tai se on jo olemassa)!
2025-05-30 14:32:53 - Users-taulukko luotiin onnistuneesti!
2025-05-30 14:32:53 - user_sessions-taulukko luotiin onnistuneesti!
2025-05-30 14:32:53 - Tietokanta 'kalevalakino' luotiin onnistuneesti (tai se on jo olemassa)!
2025-05-30 14:32:53 - Users-taulukko luotiin onnistuneesti!
2025-05-30 14:32:53 - user_sessions-taulukko luotiin onnistuneesti!
2025-05-30 14:37:09 - Tietokanta 'kalevalakino' luotiin onnistuneesti (tai se on jo olemassa)!
2025-05-30 14:37:09 - Users-taulukko luotiin onnistuneesti!
2025-05-30 14:37:09 - user_sessions-taulukko luotiin onnistuneesti!
2025-05-30 14:37:09 - Tietokanta 'kalevalakino' luotiin onnistuneesti (tai se on jo olemassa)!
2025-05-30 14:37:09 - Users-taulukko luotiin onnistuneesti!
2025-05-30 14:37:09 - user_sessions-taulukko luotiin onnistuneesti!
2025-05-30 14:37:17 - Tietokanta 'kalevalakino' luotiin onnistuneesti (tai se on jo olemassa)!
2025-05-30 14:37:17 - Users-taulukko luotiin onnistuneesti!
2025-05-30 14:37:17 - user_sessions-taulukko luotiin onnistuneesti!
2025-05-30 14:37:19 - Tietokanta 'kalevalakino' luotiin onnistuneesti (tai se on jo olemassa)!
2025-05-30 14:37:19 - Users-taulukko luotiin onnistuneesti!
2025-05-30 14:37:19 - user_sessions-taulukko luotiin onnistuneesti!
2025-05-31 08:25:37 - Tietokanta 'kalevalakino' luotiin onnistuneesti (tai se on jo olemassa)!
2025-05-31 08:25:37 - Users-taulukko luotiin onnistuneesti!
2025-05-31 08:25:37 - user_sessions-taulukko luotiin onnistuneesti!
2025-05-31 08:25:58 - Tietokanta 'kalevalakino' luotiin onnistuneesti (tai se on jo olemassa)!
2025-05-31 08:25:58 - Users-taulukko luotiin onnistuneesti!
2025-05-31 08:25:58 - user_sessions-taulukko luotiin onnistuneesti!
2025-05-31 08:25:58 - Tietokanta 'kalevalakino' luotiin onnistuneesti (tai se on jo olemassa)!
2025-05-31 08:25:58 - Users-taulukko luotiin onnistuneesti!
2025-05-31 08:25:58 - user_sessions-taulukko luotiin onnistuneesti!
2025-05-31 08:26:31 - Tietokanta 'kalevalakino' luotiin onnistuneesti (tai se on jo olemassa)!
2025-05-31 08:26:31 - Users-taulukko luotiin onnistuneesti!
2025-05-31 08:26:31 - user_sessions-taulukko luotiin onnistuneesti!
2025-05-31 08:29:30 - Tietokanta 'kalevalakino' luotiin onnistuneesti (tai se on jo olemassa)!
2025-05-31 08:29:30 - Users-taulukko luotiin onnistuneesti!
2025-05-31 08:29:30 - user_sessions-taulukko luotiin onnistuneesti!
2025-05-31 08:29:35 - Tietokanta 'kalevalakino' luotiin onnistuneesti (tai se on jo olemassa)!
2025-05-31 08:29:35 - Users-taulukko luotiin onnistuneesti!
2025-05-31 08:29:35 - user_sessions-taulukko luotiin onnistuneesti!
2025-05-31 08:32:49 - Tietokanta 'kalevalakino' luotiin onnistuneesti (tai se on jo olemassa)!
2025-05-31 08:32:49 - Users-taulukko luotiin onnistuneesti!
2025-05-31 08:32:49 - user_sessions-taulukko luotiin onnistuneesti!
2025-05-31 08:32:57 - Tietokanta 'kalevalakino' luotiin onnistuneesti (tai se on jo olemassa)!
2025-05-31 08:32:57 - Users-taulukko luotiin onnistuneesti!
2025-05-31 08:32:57 - user_sessions-taulukko luotiin onnistuneesti!
2025-05-31 08:32:57 - Tietokanta 'kalevalakino' luotiin onnistuneesti (tai se on jo olemassa)!
2025-05-31 08:32:57 - Users-taulukko luotiin onnistuneesti!
2025-05-31 08:32:57 - user_sessions-taulukko luotiin onnistuneesti!
2025-05-31 08:33:05 - Tietokanta 'kalevalakino' luotiin onnistuneesti (tai se on jo olemassa)!
2025-05-31 08:33:05 - Users-taulukko luotiin onnistuneesti!
2025-05-31 08:33:05 - user_sessions-taulukko luotiin onnistuneesti!
2025-05-31 08:33:06 - Tietokanta 'kalevalakino' luotiin onnistuneesti (tai se on jo olemassa)!
2025-05-31 08:33:06 - Users-taulukko luotiin onnistuneesti!
2025-05-31 08:33:06 - user_sessions-taulukko luotiin onnistuneesti!
2025-05-31 08:33:06 - Tietokanta 'kalevalakino' luotiin onnistuneesti (tai se on jo olemassa)!
2025-05-31 08:33:06 - Users-taulukko luotiin onnistuneesti!
2025-05-31 08:33:06 - user_sessions-taulukko luotiin onnistuneesti!
2025-05-31 08:33:47 - Tietokanta 'kalevalakino' luotiin onnistuneesti (tai se on jo olemassa)!
2025-05-31 08:33:47 - Users-taulukko luotiin onnistuneesti!
2025-05-31 08:33:47 - user_sessions-taulukko luotiin onnistuneesti!
2025-05-31 08:47:13 - Tietokanta 'kalevalakino' luotiin onnistuneesti (tai se on jo olemassa)!
2025-05-31 08:47:13 - Users-taulukko luotiin onnistuneesti!
2025-05-31 08:47:13 - user_sessions-taulukko luotiin onnistuneesti!
2025-05-31 08:47:13 - Tietokanta 'kalevalakino' luotiin onnistuneesti (tai se on jo olemassa)!
2025-05-31 08:47:13 - Users-taulukko luotiin onnistuneesti!
2025-05-31 08:47:13 - user_sessions-taulukko luotiin onnistuneesti!
2025-05-31 08:47:14 - Tietokanta 'kalevalakino' luotiin onnistuneesti (tai se on jo olemassa)!
2025-05-31 08:47:14 - Users-taulukko luotiin onnistuneesti!
2025-05-31 08:47:14 - user_sessions-taulukko luotiin onnistuneesti!
2025-05-31 08:47:14 - Tietokanta 'kalevalakino' luotiin onnistuneesti (tai se on jo olemassa)!
2025-05-31 08:47:14 - Users-taulukko luotiin onnistuneesti!
2025-05-31 08:47:14 - user_sessions-taulukko luotiin onnistuneesti!
2025-05-31 08:50:12 - Tietokanta 'kalevalakino' luotiin onnistuneesti (tai se on jo olemassa)!
2025-05-31 08:50:12 - Users-taulukko luotiin onnistuneesti!
2025-05-31 08:50:12 - user_sessions-taulukko luotiin onnistuneesti!
2025-05-31 08:50:12 - Tietokanta 'kalevalakino' luotiin onnistuneesti (tai se on jo olemassa)!
2025-05-31 08:50:12 - Users-taulukko luotiin onnistuneesti!
2025-05-31 08:50:12 - user_sessions-taulukko luotiin onnistuneesti!
2025-05-31 08:50:25 - Tietokanta 'kalevalakino' luotiin onnistuneesti (tai se on jo olemassa)!
2025-05-31 08:50:25 - Users-taulukko luotiin onnistuneesti!
2025-05-31 08:50:25 - user_sessions-taulukko luotiin onnistuneesti!
2025-05-31 08:53:14 - Tietokanta 'kalevalakino' luotiin onnistuneesti (tai se on jo olemassa)!
2025-05-31 08:53:14 - Users-taulukko luotiin onnistuneesti!
2025-05-31 08:53:14 - user_sessions-taulukko luotiin onnistuneesti!
2025-05-31 08:57:37 - Tietokanta 'kalevalakino' luotiin onnistuneesti (tai se on jo olemassa)!
2025-05-31 08:57:37 - Users-taulukko luotiin onnistuneesti!
2025-05-31 08:57:37 - user_sessions-taulukko luotiin onnistuneesti!
2025-05-31 08:57:47 - Tietokanta 'kalevalakino' luotiin onnistuneesti (tai se on jo olemassa)!
2025-05-31 08:57:47 - Users-taulukko luotiin onnistuneesti!
2025-05-31 08:57:47 - user_sessions-taulukko luotiin onnistuneesti!
2025-05-31 08:57:51 - Tietokanta 'kalevalakino' luotiin onnistuneesti (tai se on jo olemassa)!
2025-05-31 08:57:51 - Users-taulukko luotiin onnistuneesti!
2025-05-31 08:57:51 - user_sessions-taulukko luotiin onnistuneesti!
2025-05-31 08:57:51 - Tietokanta 'kalevalakino' luotiin onnistuneesti (tai se on jo olemassa)!
2025-05-31 08:57:51 - Users-taulukko luotiin onnistuneesti!
2025-05-31 08:57:51 - user_sessions-taulukko luotiin onnistuneesti!
2025-05-31 09:14:23 - Tietokanta 'kalevalakino' luotiin onnistuneesti (tai se on jo olemassa)!
2025-05-31 09:14:23 - Users-taulukko luotiin onnistuneesti!
2025-05-31 09:14:23 - user_sessions-taulukko luotiin onnistuneesti!
2025-05-31 09:14:23 - Tietokanta 'kalevalakino' luotiin onnistuneesti (tai se on jo olemassa)!
2025-05-31 09:14:23 - Users-taulukko luotiin onnistuneesti!
2025-05-31 09:14:23 - user_sessions-taulukko luotiin onnistuneesti!
2025-05-31 09:14:29 - Tietokanta 'kalevalakino' luotiin onnistuneesti (tai se on jo olemassa)!
2025-05-31 09:14:29 - Users-taulukko luotiin onnistuneesti!
2025-05-31 09:14:29 - user_sessions-taulukko luotiin onnistuneesti!
2025-05-31 10:03:32 - Tietokanta 'kalevalakino' luotiin onnistuneesti (tai se on jo olemassa)!
2025-05-31 10:03:32 - Users-taulukko luotiin onnistuneesti!
2025-05-31 10:03:32 - user_sessions-taulukko luotiin onnistuneesti!
2025-05-31 10:03:42 - Tietokanta 'kalevalakino' luotiin onnistuneesti (tai se on jo olemassa)!
2025-05-31 10:03:42 - Users-taulukko luotiin onnistuneesti!
2025-05-31 10:03:42 - user_sessions-taulukko luotiin onnistuneesti!
2025-05-31 10:03:52 - Tietokanta 'kalevalakino' luotiin onnistuneesti (tai se on jo olemassa)!
2025-05-31 10:03:52 - Users-taulukko luotiin onnistuneesti!
2025-05-31 10:03:52 - user_sessions-taulukko luotiin onnistuneesti!
2025-05-31 10:04:01 - Tietokanta 'kalevalakino' luotiin onnistuneesti (tai se on jo olemassa)!
2025-05-31 10:04:01 - Users-taulukko luotiin onnistuneesti!
2025-05-31 10:04:01 - user_sessions-taulukko luotiin onnistuneesti!
2025-05-31 10:04:01 - Tietokanta 'kalevalakino' luotiin onnistuneesti (tai se on jo olemassa)!
2025-05-31 10:04:01 - Users-taulukko luotiin onnistuneesti!
2025-05-31 10:04:01 - user_sessions-taulukko luotiin onnistuneesti!
2025-05-31 10:06:15 - Tietokanta 'kalevalakino' luotiin onnistuneesti (tai se on jo olemassa)!
2025-05-31 10:06:15 - Users-taulukko luotiin onnistuneesti!
2025-05-31 10:06:15 - user_sessions-taulukko luotiin onnistuneesti!
